500
0 1435 4447 7649 7824 9158 9561 9763
1 204 429 2637 2959 3196 3275 4020 9590
2 350 2477 2825 3032 4725 6835 7741 9346
3 2230 2560 3357 3473 4339 6630 6823 6941
4 1844 2032 3619 3836 5056 7140 7322 8717
5 386 1659 2547 4225 7249 8544 9459
6 1207 4034 4388 4922 6527 6529 8637 9320
7 231 1076 1361 2541 3602 4071 4724 6972 8497
8 1417 1967 2240 4195 4911 5231 7201 9458
9 975 1196 1427 1991 2551 3194 9155 9292
10 2775 3543 3636 3816 4338 8035 8328 8617
11 1321 3295 3728 4008 4849 7642 7674 8436
12 121 506 1673 3739 4288 6646 9550
13 1431 4927 5988 7413 8283 8703 9450 9897
14 1011 1462 3057 4050 4830 6751 8920 9602
15 712 1239 3456 4380 4761 5412 5618 6027 6279
16 2773 3130 3794 4800 5377 5975 9035 9864
17 848 1956 3011 3206 3887 4964 5404 8432
18 493 4088 4163 5616 6494 7916 8958 9280
19 491 3369 4250 4499 6101 8703 8817 9247
20 628 1321 2815 3846 5549 7414 8542 9968
21 143 2436 3877 4709 6167 6697 7512 7738 8140
22 1502 2370 2646 4187 4952 7949 7986 8645
23 1102 2346 2931 4023 6896 7741 8469 8801
24 317 2288 2356 4293 5427 7368 7495 8777
25 2258 2912 3187 4903 6181 6426 7883 8740
26 2076 2962 4593 4936 5568 6816 7323 7493
27 1359 2287 2527 4366 5147 5398 5551 5880
28 263 2593 3059 3854 4199 7358 8280 8835
29 883 1494 4090 6832 7540 8691 8835 9316
30 1356 4158 5059 5084 5769 7891 9824 9842
31 764 2636 3104 3378 3614 5829 7810 8198
32 664 1158 1287 2498 4279 7412 7616 7687
33 3074 3995 4247 4683 4865 4961 6612 8739
34 1976 2370 3459 4214 5760 7103 9327 9799
35 510 1530 2548 5476 6055 6430 7327
36 213 2107 2356 3369 3503 4000 7438 7840 8375
37 47 846 1804 2330 3119 5667 6468 9420
38 1792 2122 2821 4311 5562 6804 8075 9974
39 2069 2093 2671 3480 4713 7880 9434 9662
40 1827 2826 5476 5750 6573 6590 8944 9301
41 458 1432 2743 3521 4115 4986 6350 7052 7742
42 1803 3471 5974 6364 6974 7240 7724 8420
43 321 779 846 3868 4363 5723 5825 7949 9987
44 2504 3322 4291 8006 8115 8145 8768 9949
45 66 445 3194 4371 5326 6252 8011 8063
46 1635 1882 2498 3125 3372 3885 4435 6109 8010 8994
47 696 2284 4427 5405 5429 5615 6590 9278 9615
48 1152 1312 2436 2609 2707 3348 3716 8072
49 191 1075 2059 2288 2664 2826 4076 7874 9929
50 361 1513 2243 2722 3734 3859 4199 9552
51 1312 1768 3171 4380 5453 7752 8134 9161
52 3528 5018 5021 5508 6327 6419 7317 7695 8240
53 1207 1248 2327 2379 3389 3852 7865 8627 9690
54 1033 2035 3257 3288 4223 4656 5762 9949
55 1575 2217 2477 2672 4518 5598 8957
56 3778 4153 5611 6642 8406 8521 9079 9326
57 582 1497 2181 3419 4675 6911 7107 9510
58 8 1755 2264 2336 5000 6314 6345 8291
59 3111 3989 4495 4538 7311 7930 7999 9222 9860
60 974 1312 1881 3261 3933 4171 4217 5748 8497
61 998 1435 1958 3315 5602 7044 7307 8926
62 426 1362 3074 4395 6395 6476 8219 9154
63 578 1161 1763 3940 5878 8796 9022 9782
64 1403 3144 5059 6459 7398 7493 7897 8817
65 763 1239 2172 2213 2258 6019 7204 9127
66 940 2835 4761 5850 7687 9363 9899
67 1532 2240 3794 5640 6312 6814 7648 9037
68 277 1033 2610 4447 4891 5246 5586
69 1399 1647 2332 3228 4856 5762 7317 8997 9779
70 42 2475 3277 3339 4830 7107 7949 8035 9785
71 1783 1895 2779 3449 4985 5144 6093 8864
72 845 1158 1729 2312 4810 5055 6506
73 1180 3168 4653 7439 8177 8665 9220 9472
74 242 1059 3057 5499 6020 6027 7676 9204
75 3498 3587 4410 5032 5972 6249 8731 8846 9075
76 807 974 2962 3971 4115 4721 5899 7249 7463
77 2504 2622 3256 3390 3815 4339 7413 7923
78 1200 1549 3772 4083 6299 6443 7193 7873
79 2509 4982 5130 5669 6542 7627 7652 9782
80 409 935 986 1420 3645 4059 4801 8397 9802
81 680 743 1304 2289 3894 5931 8158 8682
82 3179 3788 4824 5725 7231 8288 9108 9531
83 636 1030 1537 3064 3467 3598 7177 8431 8626
84 636 2378 2401 4656 5285 5473 7327
85 173 1020 2127 2720 5274 7774 8833 9599
86 3618 3728 3910 4655 6763 7784 8727 9817
87 562 1134 2622 5729 6057 6265 6319 9142
88 652 1038 1792 4196 4846 5024 5592 5862 8353
89 423 2385 3090 3133 4544 4550 7771 9009
90 221 961 1300 1520 1688 4262 5634 7114
91 1068 3224 4909 4968 6766 7234 7528 8108 9033
92 1024 1544 2435 3285 4196 7584 9624 9784
93 216 768 2566 5092 5602 6220 8806
94 2502 3085 5691 5722 7153 7376 9377 9454
95 1668 2314 2472 2586 2658 3769 5289 7357
96 367 657 1883 2357 3849 5357 8202 9018
97 1254 2311 2541 2584 3676 4352 4675 5672
98 209 1784 2011 4477 4754 6109 6887 8305
99 143 1519 2646 4872 5997 6339 6780 8164
100 1021 1630 4122 4594 4999 6273 6281 7208
101 87 1600 3698 3840 6299 6492 9117 9455
102 180 3055 4600 5452 6397 7512 7880 8527
103 116 1202 1527 1882 2083 4570 8291 9225
104 1488 2421 2457 2689 3844 4136 6657
105 91 1663 2641 5551 5571 6890 6894 8005
106 2515 2583 3888 4593 4936 5499 5715 6030 7603 9411
107 79 2005 3632 4351 4750 7346 7415 7913 8008 8913
108 1897 2042 2676 2849 4229 5848 6368 7990 8390
109 1002 2194 2772 3131 3962 6243 8183 9053
110 924 2967 3112 4672 6044 7518 7838 8322 9712
111 711 3294 3734 3954 5892 7297 7663 9993
112 780 4204 4315 5137 5972 6052 6457 8292
113 754 2341 2691 4554 4738 5246 6187 8080
114 79 653 1582 3182 4332 5387 6288 7686 9729
115 935 1022 2434 4263 6796 7311 9363 9546
116 476 897 1107 1291 2408 6156 8436 8963
117 1027 1235 3377 3544 8039 9189 9565 9651
118 832 1551 3773 5204 5437 6856 8018 8863 9131
119 480 2603 3316 3692 4452 5624 7020 7543 8913
120 49 205 7897 8023 8226 9128 9143 9225
121 179 1357 2530 2742 3899 4673 7713 9514
122 1886 2018 5256 5437 5624 6028 6169 7441 9267
123 36 427 1010 1777 2125 3077 4563 5371 5404 5508
124 266 1028 4331 4510 6684 7648 8344 8799
125 259 5073 6119 7718 8861 8979 9067 9373
126 1149 3619 3890 4130 5718 5755 6740 7223
127 1070 2621 2727 3306 7705 7877 8404 9265
128 214 4508 5382 6776 6971 7701 8347
129 274 491 855 5321 5340 6278 7140 7685
130 1620 4769 5274 5365 5590 8969 9092 9453 9482
131 1657 2948 4200 6382 6601 7019 7472 7927
132 580 2824 4045 4425 4515 5723 7580 9471
133 196 348 831 1289 3264 3301 6488 9458
134 2081 4183 4233 4650 5414 5665 7074
135 325 1359 1899 2514 4178 5148 5603 9626
136 290 707 4447 5213 5617 5820 7873 9856
137 1656 7196 7273 7559 8192 8213 8285
138 2379 3770 6127 7144 7197 8125 8334 9693
139 1318 3182 4148 5765 6361 7517 8127 8542 9330
140 259 992 1926 2751 2835 3324 4734 6755
141 1403 2523 2654 3314 4103 5064 5481 6452 9824
142 2789 3057 3546 4151 6090 6835 7174 8093
143 3067 3257 4088 4170 4181 8898 9161 9229
144 1333 1537 3874 5991 7412 9457 9714
145 361 743 1099 3783 3808 4907 4998 6755 7327
146 197 974 1557 5616 5751 7799 8510 9824
147 798 3406 3541 3676 4769 7286 7674 8607
148 423 3888 4980 5929 6611 6706 6813 7667
149 1708 3947 4032 5139 5722 5962 6420 8274
150 1022 2049 3248 3283 4754 4862 8781
151 1304 1481 1618 2487 3769 4647 7249 9329
152 294 838 3218 5107 5377 6856 7914 9686
153 2250 2765 2843 5320 5440 7736 7925 9642
154 274 2461 4613 6241 6700 7709 7783 9963
155 2300 2962 3017 3379 3613 3658 6315 6958 9796
156 139 1318 1623 2669 4321 5909 8016 8063 8626
157 1949 3892 4124 5121 5932 6366 6545 8201
158 2068 3012 4142 5210 5731 6527 7787 9413
159 537 2967 4394 5118 6788 9196 9737
160 797 2760 2950 3295 3421 3738 7632 9472
161 386 2457 4085 4286 7190 7305 8010 9021
162 1151 1825 4205 6031 6442 7287 7817
163 1207 1979 2011 2046 5511 6572 8916 9929
164 2848 4278 5251 6002 6475 6572 7109 7153 9644
165 391 838 1015 1357 2442 5410 8890 9346
166 1203 1819 4370 6159 6455 7698 8427 9814
167 78 740 913 3851 4255 7453 7762 9546
168 2082 2241 5371 5880 8113 9081 9860 9895
169 2695 2703 3667 6165 6270 6653 7255 8943
170 681 4076 7168 7904 8644 9413 9459 9626
171 2790 2850 4233 6255 7559 8186 8328 9502
172 2186 2555 2754 4115 4366 5881 7935 9774
173 129 994 1703 2962 3765 3850 6631 7642 8292
174 1488 1701 1928 3770 4925 5405 5460 9654
175 1131 1322 2643 3492 3600 5292 5342 8099 8225
176 1902 5412 5927 6208 6422 7935 8166 9507
177 2061 2506 3039 3209 3532 4341 5598 5753
178 191 3797 3834 3849 4508 5681 8722 9117
179 2934 3315 3902 4128 5486 7286 7953
180 706 1146 3274 4018 5056 7466 7792 8794
181 4446 4920 5008 5518 6930 7144 9725
182 160 163 1260 4827 5249 5327 6379 8318
183 464 1404 1899 2587 3588 5570 8671 9782
184 1496 1802 4073 5021 5634 6371 7680 9620
185 59 277 694 2020 2555 4018 5691 9011
186 568 679 2048 2378 2584 4004 5410 8193 8871
187 1114 1350 2005 2472 3455 5739 9318 9403 9533
188 98 103 1552 2181 2445 4023 5675 6493 8212
189 1371 2081 2425 4515 4696 5476 6535
190 598 1038 1203 1211 1725 2200 5099 9360
191 31 1529 2140 2672 3938 6951 7102 7198 9533
192 3180 3216 3293 4304 6607 6974 7840
193 963 2076 3048 4341 6167 7010 8550 9552
194 907 1284 2006 3383 4512 4848 5805 8212 8577
195 1614 2003 5847 6395 7236 7510 7909 8779
196 645 855 889 1568 3068 5847 6053 9767
197 1712 1725 1992 5962 7453 8745 9082 9935
198 741 2124 3492 3586 4383 5405 6414 7380
199 2494 2815 3300 4322 4476 6613 7058 9082
200 1906 2015 4451 5093 6538 6682 7459 8818
201 230 792 6304 6307 7475 8072 8722 9059
202 168 320 659 5320 5883 6265 6482 7925
203 2472 2773 3273 3628 5036 7348 7915 9105
204 750 1189 2919 3438 5864 6227 6690 9129
205 579 4073 4208 5394 7608 7791 8178 9630
206 639 1629 2395 2631 4988 5046 5378 7699 8669
207 424 2422 4825 5692 6858 7129 7294 7345
208 1320 3632 4248 6854 7412 7823 8043 9104
209 361 3351 7248 7383 7532 7552 9095
210 2853 7642 7699 8317 8648 8718 9108 9140
211 1210 2155 3712 3933 7588 7638 7660 8504
212 1244 3389 3483 3744 4362 6723 7150 7863
213 1155 1663 1710 4850 5332 7022 9321 9983
214 2243 2950 3484 4869 4994 7468 8001
215 632 2862 4328 7750 8796 8917 9035 9138
216 1298 2230 2514 2572 2743 6457 8555 9197
217 913 3931 5550 5789 8045 8216 8434
218 79 3359 7224 7595 8059 8213 8542 9762
219 2764 7417 9131 9165 9590 9715 9784 9834
220 2035 4509 6577 6824 7152 7945 8691
221 2983 3126 3217 4294 6328 7229 8739 9017 9593
222 1820 4097 5158 6342 6534 6776 7963 9331
223 4229 5729 6536 7263 7768 7803 8487 8974
224 1316 1520 3768 4326 5073 6367 6607 9747
225 2528 2830 3979 4263 5037 7028 9178 9550
226 518 1218 2845 4153 6471 6971 7322 8422
227 1147 2800 4187 6015 6745 7186 7712 8484 9726
228 20 498 912 2525 3373 5851 7398 7546
229 1909 3891 4461 6624 6864 8138 8553 8994
230 909 1460 4987 7883 8750 9154 9298 9744
231 445 1002 1269 2405 5114 5211 6107 9842 9852
232 315 2031 3760 4901 5733 7340 7453 7569 9566
233 1646 1768 3920 6196 7638 8869 8926 9447
234 998 1592 3247 3888 7140 7768 8927 9968
235 835 1733 3113 3619 4427 4947 5123 5473
236 769 1299 3626 5314 6971 7908 8746 9033
237 500 844 2450 3240 4735 6072 8115 9058
238 1194 1324 2042 3012 3301 4221 4292 7567
239 1534 2279 3015 3440 7357 7475 8750 9647
240 103 150 3693 4321 4527 4620 6372 6765 7676
241 231 3587 3676 3827 4503 5310 8321 9790
242 1238 2213 2720 3019 3180 4290 5246 7547 7790
243 1842 2567 2900 4275 4630 7578 8010 9504
244 242 1201 1991 3182 3917 5464 9224 9226
245 763 3785 4545 4895 6938 7879 7900 8808
246 300 491 1509 2521 3163 3592 3667 5328 6665 6827
247 447 1194 1945 2385 3759 4509 5711 6796
248 288 1732 2408 3371 6150 7058 7248 9752
249 1068 1555 2666 2787 3531 3624 5549 6288 6607
250 506 1028 3246 4000 5486 5780 7055 9526
251 4215 4355 5079 5963 6213 6562 6703
252 1468 1629 2077 5994 6757 7298 8910 9011
253 1266 1547 2494 3128 3514 3982 5051 5156 5776 7021
254 1330 1913 2553 3995 4657 4956 7713 7748 9981
255 986 3419 4273 4969 6366 7641 7785 8740 9848
256 1754 3594 3982 5057 7011 7588 9382 9634
257 3758 4550 4806 5907 6593 7381 9258 9752
258 4466 4992 5733 5736 5835 6134 6956 7162 7311
259 2630 2719 3209 4987 5934 8479 9072 9949
260 493 1096 1972 4076 5021 6878 9814
261 1 349 4138 6037 6181 7299 7357 8080
262 331 2138 2297 5725 8109 8387 8404 8872 9365
263 572 587 2588 3605 4390 7745 8619
264 401 2609 3959 5646 5783 6659 6794 7427
265 1537 2989 5625 6822 8394 8595 9607 9634
266 979 1676 2686 2841 2993 4936 5481 5614 5948
267 401 918 1766 2011 3407 4247 6846 8212 9720
268 183 1725 1902 2993 3349 5937 6066 9966
269 143 407 1383 3531 3894 3978 6563 7353 8073
270 920 1448 1984 5146 5427 5725 6091 7763
271 935 2935 3037 4861 4974 5750 6059 8353 8737
272 453 1078 1268 2041 3758 4251 5769 7824
273 97 297 1716 4772 5959 7265 8426 9545
274 1062 1145 2476 4806 6629 7220 7580 8866
275 321 2469 3746 5944 5963 6353 6874 7271 7652
276 318 2331 2479 4738 7120 7305 9033 9184
277 1689 5079 5191 6522 8038 8225 8272
278 2006 2276 3867 4758 6607 7074 7456 8013
279 754 2261 3311 5902 8274 8819 8861 9262
280 1648 2506 3248 3711 5188 5493 6258 6597 8937
281 413 1476 2714 2851 4318 7853 9118 9454
282 962 2620 3187 3555 3947 4825 6778 6783
283 364 1777 4685 5220 6106 6854 6938 7047
284 1030 2367 3893 4288 4835 5214 5235 6557 7762
285 1062 1530 4644 5595 8175 8955 9013 9935
286 1483 2372 2386 4113 4538 7122 8704
287 1279 2654 2977 2986 4653 5114 7225 9484
288 248 1902 4867 5420 7644 8298 9574
289 1897 2963 4366 4751 5325 7732 7785 8472
290 3682 4340 4759 6172 6312 7553 8785 9098 9473
291 429 1115 3376 3585 4457 5159 5765 6316 9508
292 342 464 847 4461 5133 6794 7530 9670
293 224 925 1388 3026 5147 6533 8682 9691
294 427 1854 2354 2356 2861 5533 6845 7774
295 679 827 2602 2886 4358 5829 6316
296 212 1054 1401 4769 5701 7089 9204 9647
297 228 280 1105 1302 2083 5374 6220 9855
298 1180 3746 3826 8895 9128 9199 9460 9856
299 319 1716 2688 4120 5707 6826 8818
300 864 1625 2296 5595 6139 7155 8186 8330 8895
301 1163 5282 5835 6761 7206 9514 9673 9724
302 3442 4038 4417 5013 6507 7174 7635 9545
303 500 2190 5299 6270 6345 7818 8059 8984
304 569 1291 1895 5084 5769 7265 9072 9533 9668
305 222 1908 2364 4119 7348 7387 7697
306 2182 2492 2819 3614 4158 4850 6990 9018
307 810 2121 2880 5453 5522 5579 6315 7424 8685
308 391 972 2521 4032 6335 6929 8034
309 1559 2224 2952 3892 4388 6060 6202 7957
310 199 403 1339 2680 3760 5516 7835 9715 9863
311 79 1202 1553 1844 1951 2704 3556 5023 7942
312 2867 4146 5603 6471 6754 7194 7462 9556
313 0 97 1518 1938 5677 7594 9238 9767
314 2351 2587 3526 5753 6751 7482 8273 8994
315 119 1042 3548 3737 4981 5575 7271 9007 9776
316 544 2983 4048 4267 4588 4594 7309 8199
317 1668 1939 2959 5757 5864 7058 7999 8388 9471
318 161 537 1365 3617 6547 7415 7644 7801 9158
319 2575 3299 6397 7010 8038 8261 8271
320 79 442 2684 2996 3983 4531 5602 7827 9017
321 1811 2040 3877 6422 6826 6965 9064 9417
322 107 144 1326 3836 4713 5947 7378 8625
323 503 1871 3778 5018 6439 7255 9142 9415
324 2769 2948 5202 7734 8504 9007 9068 9651
325 2479 2548 3807 4519 6066 7340 7738
326 1438 2765 3668 3951 4120 7762 7793 9568
327 3012 4111 5424 5717 5943 7437 7543 8209 8276
328 3171 3205 6017 6467 7047 8493 8774 9536
329 923 3980 6155 6371 6763 7088 8192 8413
330 938 4499 4554 5722 7026 7463 7937 8125 8633
331 351 416 1476 2076 5549 5840 6297 9053
332 1399 2691 2858 4185 6158 7492 7843 8523
333 153 2276 3591 4578 5445 5558 8650 8779
334 884 4186 4976 5994 6096 6101 7211 9475
335 1671 2585 2695 4270 6366 7383 8835
336 419 768 1100 1774 3118 4321 8392 8435 9053
337 561 1299 1818 3791 5327 5857 6259 8424 8916
338 359 1592 1774 3628 4139 5279 6160 6183 8428
339 913 1078 2169 2288 3246 5290 6085 9458
340 2272 2703 3471 3794 6165 9317 9941
341 87 337 2934 4855 5032 6108 7295 9329
342 2296 5919 6948 7157 7211 9096 9571 9931
343 139 2941 3867 3973 6172 6948 7523 8938
344 4291 4607 5611 5675 5917 6535 6713 8219
345 1767 2045 3459 4124 4867 6646 9469
346 741 845 2361 3074 3287 4827 8791 9267
347 42 1115 1316 2290 4134 4335 6253 8152
348 390 574 1448 4323 6878 7494 8607 9859
349 2853 4031 4927 5748 6023 8096 8717 8858 9288
350 380 632 1625 3971 4315 6115 6645 7718 8737
351 1288 1545 4251 5252 5446 6022 6245 8567
352 335 1108 5336 6167 6183 8105 8226 9749
353 2780 2839 3730 4877 7223 8521 8769
354 827 1098 1693 1732 3594 4181 5952 7296
355 905 2063 3815 4118 4655 6382 8596
356 2843 3247 3981 4383 6872 7600 8075 8389
357 412 1278 1670 2606 4553 5844 6004 6121 9691
358 3421 3536 4295 5036 5380 7990 8274 9930
359 416 1152 2065 2363 2614 3936 9148 9599
360 647 1318 2089 2130 2314 3062 5412 6316 8295
361 650 1420 4085 4761 5976 7437 7508 9963
362 1294 1350 1382 1668 4394 7245 7797 9810
363 1012 1313 1862 5148 7220 7339 9768
364 4519 4998 5173 5296 8757 8760 8972
365 348 3387 3804 5093 8076 8722 8801 9437
366 1362 1905 4683 6054 8020 8566 8675 9210 9981
367 1091 2251 2836 4059 4445 6533 8162 8389
368 2667 3023 4335 5249 5460 5545 7359 8758
369 147 1701 2714 2835 2892 5179 6159 7440
370 510 2555 2780 2992 4902 7287 8960 9363
371 2442 2455 3143 3536 5204 6006 8125 9209
372 70 93 2587 3132 3951 6613 7763 8525
373 315 1603 2643 3037 3678 4656 5163 5191 5306
374 36 815 961 1288 3789 4595 9475 9774
375 11 1979 3793 3829 6012 6872 7625 8230
376 2381 2851 3851 5133 6537 8342 9389 9617
377 263 1319 1392 2548 2704 5139 5715 6107 6794
378 154 1306 2044 2991 4187 5568 7153 8664
379 814 995 2076 2268 3325 3406 6120 7782
380 344 1199 1371 4721 5285 6031 7823 9834
381 852 3000 3079 4113 7174 7605 8757 9935
382 2736 3885 4298 4323 4792 5100 5495 5697 8194
383 1021 5111 6121 6132 8584 8767 9128 9544
384 849 1407 3881 5469 5974 7114 7373 7503 9968
385 187 7923 8483 9350 9365 9882 9941
386 147 2861 3604 5919 7232 9131 9143
387 1776 2253 3774 5469 7416 7667 8227 9455
388 192 1350 1836 2993 3701 4577 4728 7279
389 1845 1871 3838 5694 6626 6663 8143 9529 9962
390 549 958 1304 2698 3217 4527 4634 5865 6392
391 153 2557 4994 6165 8076 8272 8546
392 2772 4599 5535 5805 6307 7218 8898
393 1006 1673 2291 3921 6030 6376 7603 8558 8960
394 383 1599 2217 4922 5956 6067 8317 9695
395 3713 4387 4995 7105 7112 8317 9382 9913
396 2671 3997 6297 6813 7236 8069 8777 8779
397 22 1626 3952 5032 5854 6746 7723 8491 9415
398 899 1386 2150 2221 2340 3198 4049 4240 7908
399 4124 4275 4279 4961 7313 7497 9762
400 323 2952 3424 4332 5451 8737 8911 9242 9318
401 374 706 3472 4083 5008 6823 8037 8281 9244
402 62 569 3279 4422 4452 5102 5866 7002 7560
403 2852 3780 5058 6152 7620 8281 8841 9450
404 2625 4030 4326 4599 6035 6557 7346 7371
405 84 424 1021 2719 3076 4058 5011 5787
406 659 1066 2017 2620 4061 4408 6111 7837
407 228 1105 1771 2086 2367 3002 4862 6227
408 1180 1558 6317 6816 8039 9067 9279
409 669 1467 2170 2230 2818 6164 6757 9423
410 583 1643 1735 2479 2664 5620 7330 9214
411 1493 2075 4800 5450 6006 6967 7398 9575
412 591 1758 4769 6097 6470 7594 8399 8654
413 582 1322 1664 3111 3306 3523 3877 6652 6866 8019
414 351 1404 3198 4172 4218 5599 6381 6938 9890
415 312 664 1458 3247 3423 3584 3955 9817
416 191 579 2327 2594 3332 5705 6882 7852 8108
417 1257 1507 2930 3570 4862 5886 5962 6548
418 85 1984 4014 4166 5667 6457 8553 9864
419 144 1333 1420 3766 4088 4248 6938 8973 9983
420 403 568 2475 2835 3722 5414 8420 9827
421 85 1125 2134 2482 4829 6846 7555 7786 9221
422 412 2755 4323 4451 4773 6411 8785 9728
423 237 2020 2816 4030 7076 8472 9905
424 2326 2530 4195 5249 5731 7107 7806 7887
425 321 2951 3936 6304 7375 7532 8875 8915 9099 9746
426 647 3478 4264 4370 4554 5081 8430 9526
427 392 1284 1558 2596 5364 6399 7359 7968
428 3611 5007 5015 5686 6002 6273 6889 7286
429 844 3181 3982 7927 8045 8387 8399 8899 9588
430 316 514 982 6245 6826 8383 9890
431 2013 3274 4090 7081 7201 7343 7528 8923
432 635 1684 4855 5701 6121 6158 7427 9256
433 2338 3205 4427 4693 4901 7685 8642 8972
434 1235 3822 4976 5715 6079 6893 7210 7279 9280
435 3592 4786 7685 8011 8165 8274 8400 9648
436 171 3542 3912 4555 5938 7612 7997 8745
437 1328 2258 2727 4120 5085 6704 7662 9373
438 1416 1643 3749 4400 6493 7136 8199 9161
439 612 3185 4626 6703 6828 6969 8458 8742
440 745 1371 2173 3347 4058 4405 8424 9525
441 1818 4181 7111 7466 9278 9445 9766
442 757 1011 1750 2614 5535 5883 6064 9147
443 209 696 806 2020 4061 4810 7884
444 451 2138 4048 5847 6279 8399 8462 8992
445 3143 4499 4747 5371 5869 7430 7751 8358 9203
446 1558 2911 4655 5757 6866 8130 9072 9477
447 2233 2402 3158 5937 6064 6097 7947 8707
448 818 4038 4331 4889 5298 5325 7438 8850
449 2557 3058 3894 3906 5874 9134 9472 9726
450 732 810 5447 5878 8909 9052 9597 9882
451 3200 4064 4736 5075 6021 7424 7661 7774 9003
452 1517 1670 2015 4794 6039 6396 8559 8641
453 352 1727 3146 3738 5047 7360 7723 8311 9572
454 154 561 1663 5723 5962 6824 7134 7915
455 911 2240 2572 4180 4322 8641 8727 8792 9503
456 2606 3067 4483 5291 5853 6978 8942 9352 9386
457 1883 4174 5299 8178 8215 8498 9402 9812
458 855 2907 3324 3448 4374 5959 7545 8208
459 2 62 146 2606 3394 4221 4279 4996
460 1308 2979 4663 4902 6079 6529 6538 7611 8633
461 1357 3420 5613 6635 6943 7214 8398 9346
462 1096 2354 3218 3289 3615 4576 5965
463 280 593 1096 1214 1359 2694 5687 6465
464 1783 7308 7589 8105 8120 8226 8806 9690
465 1790 3112 6286 6379 6443 6517 9429 9520
466 3300 3627 3744 6068 9207 9797 9967
467 2973 3911 5058 6318 6493 7494 9434
468 95 572 650 4519 5684 8032 9919 9980
469 0 1349 5051 5332 5819 6130 7429 8629 9307
470 375 1483 2846 3548 5299 5618 8413 9930
471 1135 3868 4210 5579 8397 8458 9147
472 311 2121 2799 3310 3749 5016 7430 8383 9417
473 1507 1825 2899 2986 4542 6764 7231 7282
474 248 414 3209 3286 5701 6830 8069 9099
475 2144 2351 2703 3041 4163 4889 6547 6557
476 50 750 3181 6689 6712 6757 8197 9694
477 359 2720 4279 5540 5607 5880 6845 7503 9258
478 2061 2748 2759 2829 3288 4814 7635 9244
479 1008 2279 3503 4483 4918 5025 9339
480 659 964 1343 3440 3660 4752 5425 7723 8545
481 563 1703 1967 3595 5001 7181 9251
482 979 1475 4363 5298 7589 8261 9189 9791
483 1047 1388 2953 3224 4119 6708 8615
484 679 1687 4460 5322 7299 7690 7784 7907
485 1046 1946 2303 3654 3761 5245 7494 9123
486 2291 2426 5140 5425 7303 7699 7832 8394 9596
487 2 874 2224 6572 7076 7462 8244 8783
488 2055 3074 3357 4700 5562 7181 7523 9243
489 1576 3518 5669 7510 8818 8952 9996
490 573 864 2582 4355 5013 6037 7760 9007
491 979 1298 1450 3351 4856 5166 6277 6640 9897
492 419 841 2492 2571 2754 3043 4875 6382
493 410 1712 2287 4318 5097 6422 6553 6828
494 509 2960 4041 4642 6613 8424 9139 9334 9799
495 47 2129 2200 2547 2582 6868 8559
496 1323 1881 5024 6049 6444 8271 9154 9250
497 1331 1677 3857 5220 5392 7843 9170
498 531 627 3387 4703 5499 6156 6331 9269
499 864 1418 1474 1951 3928 4779 6132 9842
