100
0 6090 2499 1109 5257 7739 6000 8474 3321 1024 1826 5735 8073 6715 266 8903 4128 1437 5913 675 4142 5902 7840 1072 4714 6081 9986 6928 5240 5661 8303 6649 5603 874 2244 1364 2025 2865 8132 7126 6200 2004 1207 506 8204 3401 7769 6069 2673 4495 8023 4092
72 865 6388 9807 5758 6227 8468 7313 4330 4078 9512 4832 6229 5311 9435 7455 1976 5255 7654 6273 2372 1109 7779 8348 9577 111 228 1855 5638 2333 7916 2166 9211 4586 338 1728 5050 7320 4037 5810 5159 4723 1112 9563 5912 8680 9452 8883 5962 864 3286 1403 7142 8612
71 1777 456 3385 7319 307 1918 3258 2466 9976 835 2288 821 4729 2119 689 5696 9419 7261 6533 9381 6070 8509 7878 6328 6835 1785 7899 4922 5179 4967 3159 8918 8402 7373 7141 9738 9211 370 3141 6597 9909 9668 6926 3481 8414 4023 1694 3372 5134 4832 6393 6518 8727 3463 8074
70 7721 6905 8496 5990 9595 6095 9218 9985 4271 9227 8509 2479 9356 2041 5691 8303 4010 6979 307 8475 2865 4351 6438 8257 5701 2453 1737 1609 9930 1775 9668 4479 6214 2499 1918 3700 8584 2435 6081 1112 5620 320 224 8810 2316 6170 8730 5 5806 8112 1745 3589 3435
69 6114 9573 6069 6313 9832 4330 1094 5306 2369 6822 3545 6677 9321 4654 741 1560 8127 1610 8414 3309 2110 406 4361 154 826 6898 9459 9009 5889 5434 3745 6531 2040 5427 6610 1126 2773 1348 9617 7542 9836 8361 3475 9083 8726 3087 917 4189 5101 6554 6161 5366 2070 340 238
68 9189 9047 4867 5502 9721 8430 9345 1591 1095 4417 8816 1038 1972 3693 4573 6862 3297 5096 5995 8856 864 1363 9320 7067 4587 1656 2719 3809 3340 1190 1872 2208 6037 4833 9887 1072 4831 344 8940 7896 1863 2335 3448 1225 4945 3552 991 8077 6661 617 5810 2831 1280 5427 5463
67 3130 6628 7759 8795 2982 7689 8224 9734 2602 935 4194 2060 6597 4092 4096 2673 8863 8702 620 8539 2314 8586 9579 5711 1647 3329 2580 6388 722 9972 7146 610 815 5636 2510 6497 8892 5699 5949 5905 4734 1600 888 1164 6394 1454 3572 4661 6399 8312 7659 8013 428 1050 7280 9930 8802 1075 8231
66 2672 9211 3720 1442 5299 8211 419 4810 3079 9068 9473 5321 3809 8786 9134 1669 4124 6070 4495 9918 1124 9572 9333 8965 4020 1252 79 4661 7435 8554 8478 5617 5490 2831 1439 3258 3365 3366 620 5181 1163 7165 3441 5086 3435 2723 232 6074 1599 6397 2949 9440 5949 1227 2210 3091 8468 7596
65 7387 9537 271 8685 7323 226 2495 8096 3266 5331 3809 6390 9714 4970 5982 4967 1528 9243 580 2799 8368 3030 9894 2782 350 4400 3819 1863 5949 2210 4816 218 4608 7261 709 7000 5041 4675 6202 3670 6238 6490 3284 1929 3752 2220 1636 4648 611 610 9430 6095 1758 4534 7472 4678 294
64 4327 7930 2578 8976 6014 424 7105 5780 394 7745 2363 2996 4998 5873 741 6390 6964 2869 5706 8266 7458 8836 3016 945 5536 4219 3751 1098 6635 2653 3869 1008 2923 2571 2110 4038 8112 8303 7545 330 3973 936 1775 6801 4536 7740 3336 7532 7837 6541 3976 3123 9515 5280 460 5423 2066 5651
63 1482 3656 675 8509 6452 2074 3216 3745 8389 1560 7759 3130 8988 7691 4417 2899 3559 7748 6227 2218 1538 8017 6214 916 1903 7775 2025 7713 3691 7894 1624 323 8619 4510 2451 949 245 1311 1502 4358 1146 541 640 3933 9415 7386 7329 6971 5898 2333 6531 8922
62 8153 3976 1024 5591 9814 3453 7144 8180 2949 1785 8583 621 2391 2397 5359 1383 6150 5945 1525 3458 8577 5179 9424 9054 8150 9595 8283 500 2004 6077 7779 8550 8631 6088 3936 5280 6209 4988 3301 7784 9404 355 1808 9937 8635 4880 4508 8487 2147 5572 2813
61 7611 9317 5280 500 7177 1401 5311 8324 1811 9017 5666 5268 9838 6091 5912 580 4603 5375 4487 115 4618 307 6458 2126 6095 3099 2059 5579 559 1865 3216 4166 3316 2673 5441 5070 7974 1903 4530 9167 628 8393 9668 9435 9237 7894 3365 5438 6543 2200 7320 2554
60 3257 1388 2244 7470 4143 2365 1339 3545 4159 1163 7417 8758 9054 1926 4919 2571 8291 50 4508 6430 4698 9039 7837 9185 3258 2323 9856 5579 1239 7620 8378 1525 4128 2499 3693 9452 2523 5839 5721 9017 6753 5463 8614 474 7657 9381 730 1694 6715 2119 3070
59 9832 2335 6662 576 6081 1963 7886 3092 350 6405 8509 9847 4373 7472 794 4130 3668 4014 4269 9803 6905 8448 7576 7779 1239 3323 1348 3224 4504 2726 4015 2323 9279 9802 26 319 7674 3259 865 9572 617 9067 9112 4563 1370 730 5410 8291 4895 3255 2503
58 9838 2397 2865 2094 1016 7607 845 2108 4347 8073 8051 1736 1826 6397 2989 6971 7931 2014 7894 7841 8393 6405 8312 9101 9322 8976 5255 6081 7533 7459 3961 387 2029 5359 5441 2481 9802 6640 253 9226 9885 1285 6297 596 3544 2197 5711 9878 8713 2079 9554 5174
57 1348 2816 8650 6251 266 2726 6264 885 9910 9891 7486 6284 2842 9206 3297 26 9728 1344 5018 8631 8337 3853 1694 1833 2673 9321 9450 2918 4737 3365 9100 3258 8988 2751 3958 9936 7329 5898 1775 7620 5476 9369 4565 1363 7105 5134 5091 2839 8614 3123 4507
56 3381 6024 2004 5572 7748 9486 6384 2658 559 4128 3255 2453 9859 1296 5018 5041 3446 9976 6062 380 5306 9171 5485 8478 3996 104 4737 9832 9824 9299 3958 4518 6043 7391 7261 320 1079 7620 8485 1714 9772 3954 5553 4714 2079 575 9125 5451 3072 839 6851 8000
55 9112 1285 5280 6089 4192 3323 8866 9356 7773 9952 8257 3543 2025 9934 8940 4968 4074 2244 8635 5492 6822 9248 6584 3690 164 1423 3421 4761 7063 9690 6605 845 3869 9750 2831 7863 6799 4935 8117 9976 5591 8602 6917 3004 5537 1024 3936 6214 5541 1219 6628 8425
54 7292 658 9357 6547 2974 580 1282 6495 993 4011 6214 1581 228 6398 6909 220 1798 7313 1990 8777 1601 6997 9591 7784 1976 8447 6298 8588 4288 917 6083 1437 611 8988 8077 2455 8378 3203 2399 8652 9803 4787 3835 1146 8680 6058 3257 2226 1624 916 6709
53 7571 7226 586 5576 8273 4593 8654 4232 7746 9195 5836 3076 8677 2842 2147 1718 617 5666 4934 9936 4128 6770 621 8004 3951 2316 4984 4589 3136 9177 6430 9435 9333 5318 516 1255 4479 9036 8510 6269 6409 9450 8370 9218 2164 2723 2019 575 6670 5824 2080
52 7533 785 2731 4065 7598 7373 2175 4945 1956 3381 6150 2382 4656 8378 874 8328 210 2139 3479 2365 864 7566 1363 1629 3853 59 560 374 1800 4180 628 8044 611 9810 4149 9399 7571 2153 6187 6518 9279 8200 8039 1024 2510 1432 851 8486 5570 8936 2390 2524
73 4708 4657 7545 7023 3744 3507 6251 55 3179 3749 2025 3958 7533 7240 4149 1624 6926 6662 258 7837 1433 8064 6398 3854 640 559 8039 4487 3745 2531 9164 8565 7373 2287 8504 8951 7281 5451 1539 1748 2389 8151 1339 8972 2059 675 7620 8888 1370 8616 7629
51 2523 8266 3688 8902 7070 789 6659 326 7773 7916 2701 5359 894 307 340 891 3954 6371 82 9841 5537 3507 4159 6487 3816 2003 4491 6422 3760 4787 6818 4322 7161 9814 2036 164 8389 7950 1929 8984 6043 4584 3257 2884 6342 1676 6214 8510 4352 1212 1833 2804
74 1158 2019 7436 7312 8758 8478 2288 9006 2147 2179 8180 5359 4132 658 254 1976 2023 1255 8903 1451 731 3744 1929 4687 350 9268 7417 8743 9302 1028 340 5272 3280 131 8441 3793 9937 1839 3224 4810 2782 5691 8077 555 6199 7187 1236 7036 4895 1826 2510 8801
76 6273 6083 3194 9068 4997 3973 5044 5070 303 4636 3736 5535 5263 7373 2842 8583 1602 1340 9134 5448 6627 4792 7859 6514 9067 3961 7952 59 9038 4348 4934 4686 2074 6089 8951 6495 1539 769 5735 5096 7843 1281 9608 3401 7974 6691 226 3479 9381 8441 4668
97 8257 7106 6371 4760 26 4347 221 8291 2553 3729 579 5554 1072 7533 4180 5380 9018 580 8504 5444 9105 9486 9836 8501 2147 9189 3973 8584 6909 3736 1186 3629 798 4935 5343 8875 59 415 7226 2363 9082 4461 5362 9192 7896 3302 826 1918 2378 9435 5410 837
96 555 1366 8811 4686 6889 6209 9323 9320 1918 7224 7105 52 3749 5399 9232 2037 2164 1976 2787 1238 541 7190 5893 1891 1775 322 5586 8259 3744 9265 5476 9337 6063 7843 5159 3543 5772 8494 883 8802 845 3915 9218 9053 5657 4037 2751 4905 9056 1423 6789 6250 9851
95 1929 5096 1182 4603 78 3620 9056 5967 2430 1845 5661 2391 2701 2349 8589 401 1817 689 7281 7607 3401 8652 1274 2714 8064 3309 7562 7203 3224 949 1584 3531 5017 6628 9068 9053 350 1850 754 7950 6605 9275 8953 6010 8039 9515 747 7670 4925 1004 8441 8948
94 7930 769 5444 9819 9135 1423 5914 4843 4970 8608 8876 7532 506 3688 3455 3387 7927 8562 7324 5085 595 3258 762 7896 2018 885 8650 6801 6605 1748 106 380 4033 4714 1091 4905 6670 4130 5012 154 1655 9323 5348 4594 2330 2372 1367 2283 8496 9173 1988 9852
93 1364 6332 3369 1587 387 6883 8953 3915 8291 3545 3958 5824 1324 3384 6770 2941 3122 5362 1482 4565 8724 6422 323 1367 48 7613 5945 633 253 1937 3068 7226 1794 4441 7140 3086 789 2715 4723 8988 7168 3481 4881 8536 2588 6284 2631 4953 4074 7018 8370 1103 1770
92 9083 2755 7417 3315 2451 2669 1808 4995 5489 6818 4061 3730 385 9218 6514 1401 3043 7552 5537 4269 6024 2200 7773 3046 4723 9254 7320 4648 3166 4787 2502 7545 638 845 8249 1495 2714 8577 8812 8883 9357 820 7281 1833 2436 1985 1903 575 4023 2949 8581 1880
91 1926 7940 4760 4479 4698 2158 8777 921 5741 154 4953 7304 9006 8288 5222 1401 9003 1711 9163 2482 7391 9474 6662 8396 6788 1335 5873 8629 8475 1274 9624 4809 6627 9512 7223 797 6081 1602 2433 6422 6923 2313 8244 4766 5057 9646 9972 1083 5161 8361 271 2573
90 5441 921 2349 4882 6514 6409 9601 1360 5298 9583 2335 9734 9163 9317 8786 4810 1608 9612 5036 3430 4349 8650 9381 3584 5046 592 5181 3524 3092 1233 5933 8204 1875 8052 580 2314 9427 1222 5629 8694 6747 99 3560 75 4561 9783 1794 7233 4055 3647 6229 3295
89 3284 1591 1149 8720 3629 1163 4868 1388 9185 419 8414 8812 4417 5898 1004 3634 1687 1482 5192 772 1486 6667 4769 2664 885 5895 8441 8121 8044 6024 4589 7256 3930 5222 1499 4918 154 7177 9333 3099 6209 5570 7826 4711 730 3793 3374 3301 82 2508 3372
88 5101 3224 4129 4895 1919 7018 5044 4935 1572 6450 3946 2244 2411 1965 1285 8565 1538 9595 4161 9173 6882 9687 8389 9863 4766 3693 7470 220 6024 2726 5362 326 2384 6702 1021 3322 2673 8370 936 3620 4015 6371 7888 8551 5613 8940 164 6150 4648 8150 7886 8850 2659
87 2430 8972 8164 4968 603 3323 7146 3744 5397 787 974 2949 6954 6770 4055 2538 6715 1437 9525 2955 2465 9838 6801 3854 271 6088 2815 8393 7801 1366 5036 9232 8244 4645 9427 4656 4970 9180 4723 4760 4559 8017 1244 2658 939 9859 584 6264 9474 9435 9009 2196 5239
86 247 7486 5317 8291 4553 2117 1182 6000 6514 8535 4389 5468 7575 9573 7177 2715 5576 6833 3745 7767 4033 7801 5837 4037 9668 6490 5982 4935 5219 2710 1282 8283 6024 6609 5685 2335 5790 8958 7940 2226 2399 3933 9299 2434 5343 656 8588 8363 2723 307 6537 2012
85 1439 8361 1624 2899 1423 1591 6074 1572 3695 4169 9612 1601 226 8728 5476 712 5130 3316 8137 4325 8273 5399 7324 764 9601 6833 3958 2208 1168 3087 7837 4329 3179 5049 5334 6273 9814 6090 2784 4934 2479 9218 1855 5533 1528 5778 5298 3558 8812 3357 4995 3550
84 2479 9268 5086 4061 7950 7773 1280 3453 3425 4392 4591 545 4645 8565 9321 5362 9105 9365 307 2413 7152 1219 4997 2062 4467 2544 8361 7281 5441 6430 3385 6203 2179 579 5589 6339 8291 5422 59 1426 640 9308 1629 4038 6269 7146 4024 4546 7036 6058 9601 633 6101
83 6058 3158 1657 8151 2979 8052 2842 5427 6352 730 8073 7238 5422 2115 9986 1655 5012 7863 404 9357 7023 1254 2782 4142 2583 1072 9206 1875 9841 4761 2604 8825 9524 4685 8257 302 2399 621 7226 8459 5687 9976 8588 2710 2287 4767 1031 7421 9275 3622 456 1408
82 1867 8652 5429 2553 8129 2206 5257 2314 4868 1694 320 9173 821 2481 611 1626 429 9863 1513 8509 9624 1648 4832 617 4769 7970 3744 9226 5190 3242 8422 5836 4022 4151 9450 2647 3688 9308 4061 9814 9101 2949 8512 795 1388 2714 3387 7840 7637 7066 6877 8793 601
81 4881 6114 4417 3688 9616 949 3701 1674 7801 232 7930 1244 7720 9413 851 3194 6388 2399 6882 6221 4997 795 1591 3973 406 1794 7660 3555 716 4169 2538 1648 1144 4121 6360 1363 5553 2086 1340 6662 7002 8850 4180 5595 1432 5130 8026 7854 7384 4686 7203 9154 1061
80 2816 3565 9010 52 5536 1829 6324 461 8430 8164 7436 9994 2179 149 7582 6074 1289 318 905 2077 6869 8004 7133 4792 3901 1365 6971 5074 503 5038 4011 9275 776 9189 2288 6273 3763 3479 900 2197 438 7126 762 8510 3515 2472 5879 7888 328 8370 5219 4911 9296
79 6202 5012 675 1584 7070 9687 5576 4723 3526 9772 6291 5011 5311 9945 3459 4563 302 9810 1437 5837 4487 5735 8459 9415 6203 2389 8577 4033 1005 9750 5195 5468 7654 6198 9734 2384 403 3475 794 8874 6139 7304 9009 1794 6380 221 4970 949 9923 2412 7899 603 819
78 5363 3760 4892 8616 5046 7481 3334 1704 1233 2989 282 7940 1581 2365 5348 947 6170 1123 4769 5618 3462 7970 7063 548 2669 1984 8810 7529 1985 658 6547 5044 9803 4988 6284 722 9841 1798 8953 3323 5041 5130 3301 8343 7784 6533 2791 3749 4491 8244 5893
77 8085 5422 4953 2184 9410 7689 8551 3958 8237 6332 2705 891 4022 798 8734 8201 9728 7141 5447 4371 2647 3258 5533 6533 3809 3954 8283 4329 6971 776 9911 8868 7023 5697 3130 3589 4636 1375 4551 1980 7840 1473 7991 741 5591 7657 2453 8951 7304 3119 5898 1269 3892 8204
75 7913 9988 5075 1237 1719 9275 1985 8020 1495 2122 3695 6022 9053 5902 5893 3309 6403 5629 9877 780 1186 8266 2949 1281 1832 7233 2664 2397 7228 9126 3334 4711 258 1647 3452 2989 7667 6627 1144 5835 1368 4618 1815 5156 6121 76 2182 4330 4433 2499 4142 5595 7810
50 4152 6653 6142 930 413 1004 8511 5168 1918 4846 4809 6269 4880 3729 6203 5614 8459 7486 7261 3543 2893 6202 939 1748 3475 6002 6484 7126 2780 2074 2468 6677 6377 9268 7282 4396 1673 4551 5537 8233 6063 2701 275 8769 4934 4124 3079 4687 7687 2815 8468 1163 8188
49 3695 1120 7249 8562 5546 1560 8565 8396 6715 9601 5696 645 9952 6495 1682 8358 5553 7320 2941 8291 1233 8201 6269 1826 4033 1314 4832 6747 3485 205 3233 9178 2823 6438 7168 2836 9638 8816 6866 3381 6917 3280 5359 9332 8652 9239 1829 6170 5433 4656 7224 5751 5423 7701 1279
48 7320 271 282 5657 1371 8486 6580 741 1903 6142 3954 6339 5491 4712 5902 7613 7144 1285 2974 2502 5735 5824 2198 3531 1373 1486 1850 3479 2757 9010 900 5177 5931 1862 2458 5569 9018 4014 1687 6253 1624 4970 401 5568 8151 4518 9226 5061 1440 5 5325 4761
21 3735 6953 5711 5880 1079 4970 640 6640 1687 4467 6203 9207 2378 3637 9398 4322 3787 2755 6107 921 9517 6840 7434 3531 2782 5913 5835 9955 6259 739 7867 596 326 461 5595 2508 9071 7545 503 6327 8052 8730 8038 2598 1933 696 4059 5411 9188 3430 6484 1903 2499 5427 4713
20 9687 7748 5664 8635 6058 9998 5696 5070 8004 5263 7689 4135 106 776 6886 3745 8653 9949 9489 8602 9254 8511 1324 6403 8299 1634 1547 2074 7532 3862 3888 5878 7177 9320 7481 7070 620 8361 1627 9680 52 2989 1581 3259 1988 1794 7386 9593 4934 4686 4189 2803 9338
19 6543 633 5632 3046 355 9838 8441 7395 8629 6397 8487 548 3810 5699 5036 4675 7888 8588 7429 8237 1862 3258 8675 712 6339 3763 4945 6209 4839 7566 6088 6788 9129 7777 6609 3917 6367 8204 319 8520 1673 9630 7038 5748 2040 350 2901 5046 4319 9976 3669 4934 4477
18 1845 4103 949 1572 9357 8475 6514 7073 2321 8769 9232 1282 1609 2453 1079 8506 8584 4984 7590 1112 3496 9524 2679 9352 5161 8619 839 6954 4919 3087 885 6458 3605 7270 2316 8652 6801 9067 3866 9071 1024 1143 406 2349 8811 1330 1349 404 3302 6371 6883 5880 1455 2216
17 3973 8631 3629 2865 4288 3057 1126 3952 9402 8142 7019 9716 3369 1376 7759 506 5740 8535 4508 8393 6264 6537 576 712 6062 7566 6002 709 1808 3855 5451 7564 7088 1065 5895 2982 419 7737 6557 9729 4832 374 6659 6069 5070 1737 5459 1239 6963 1602 1168 1581 4896
16 5664 3450 835 2583 2349 3302 9985 1832 5192 5933 59 2153 26 1370 8730 4329 8511 2506 1732 9579 7691 6866 3459 5 7777 3862 7319 764 1143 2335 9863 8654 6273 8786 6339 8064 9251 1344 1146 3539 6210 2014 1711 9824 2003 2165 6069 798 8653 9772 8610 6253
15 9017 8248 9716 9173 7356 6090 8257 1963 3915 5715 1581 7735 8129 1844 1486 5945 5366 7133 6322 686 7572 1466 9195 5603 1990 6269 3233 3184 4995 5962 2453 3072 1775 895 7620 7888 1528 8903 4546 4918 8039 6313 7249 8352 6610 4205 5664 4711 9036 9381 7532 924 4731
14 1186 5161 5086 3329 247 6273 826 3100 8106 2091 9450 407 1423 740 2865 4584 906 5772 1581 1984 5073 5878 3462 5536 1335 1259 884 5318 2389 505 6380 3917 4687 5159 3374 8286 7282 7757 8064 4648 524 8811 6200 4534 1446 1845 6954 3693 350 8248 503 4189 7623
13 2059 7607 826 8494 7689 5536 1472 3973 2074 3216 8363 7834 7667 1588 4530 2032 3233 4846 6314 6923 1065 1985 435 9139 6954 9816 1629 1237 9017 5842 9452 5582 6458 8299 7843 8915 470 2513 8224 6904 7974 58 681 2580 9009 6557 4408 7140 8763 9420 2669 6077 9083 3564
12 2665 5946 6656 5279 3203 6043 7297 1867 1550 4236 974 8106 6709 7769 1395 7146 1252 3455 5222 8358 747 6150 9357 1004 3754 7995 5994 2056 4843 3544 8312 3669 6057 9167 1367 795 7657 4148 712 709 2499 966 2426 2060 3130 3637 5880 1104 202 1873 1092 9618 6069 8898
11 3286 8082 9003 4810 5867 3136 7416 6775 5700 8722 3773 9885 4934 9178 6904 9101 4400 6905 61 7319 6667 7130 1126 6258 5895 5057 4537 3043 5192 6145 1280 2808 8825 1822 5536 114 9345 3167 9856 1719 7571 9889 4325 3950 7801 5476 696 5810 8763 5701 7395 1963 4261
10 9320 1371 1748 1547 6367 2147 2861 2651 2453 3543 232 2412 6403 1778 6799 5468 2226 131 2831 772 6837 702 885 3847 1083 4092 993 8112 9927 5276 7563 7674 3087 9432 3321 2899 6541 3375 7995 7533 5591 1710 5607 8288 4934 7514 5928 1563 1918 4711 8164 2220 8791
9 3316 7149 8286 2746 3057 2122 2664 7436 1682 380 6187 7793 5538 5489 27 6742 2801 8038 9899 2631 6062 1660 6284 3286 182 3543 5298 4657 2955 1120 6982 6405 4792 6161 9453 9432 8142 2059 26 2558 8856 316 5576 3656 4441 3295 5048 1065 1627 722 262 3620 3566 1949
8 4719 8266 3531 4443 7106 2753 9727 1710 719 9972 1225 9100 8894 1173 1963 1384 9181 1016 2714 671 3216 722 7191 5086 9251 3581 275 8015 3662 3596 6488 9877 591 8363 1572 939 4922 1371 3158 2840 1254 9516 5535 7163 1109 3690 3557 320 7620 3730 3166 4537 789 8552
7 2198 8200 8936 3674 6877 2032 78 7458 2217 7190 5325 7152 4536 2539 3421 9411 712 7845 9972 8241 6031 9986 636 1872 4790 6458 3297 7723 2751 7456 7018 1473 2651 1624 2647 8363 3322 2587 7249 1353 2989 4648 4152 8786 7613 6063 3809 5073 4204 5098 6322 2717 2901
6 3255 4553 8562 5893 1091 6200 1676 5263 6107 7460 7633 6561 7126 4919 2842 7643 6393 2025 8703 6210 1186 1472 9524 8688 2801 5503 7235 4729 6799 845 5232 4348 5568 1528 8142 754 228 6025 2658 245 2758 4161 3862 6495 3730 4014 3128 8494 9727 7016 6185 5143 6440
5 5568 1239 6037 6801 5356 9322 7169 4761 8465 2543 7240 6960 5586 6091 641 3136 9130 9679 7840 7038 6531 3735 1646 5967 3494 7995 5012 628 1091 4271 4995 1370 474 5463 5818 6659 7047 2021 9223 8940 1956 4129 9601 7141 3092 9017 917 5696 3462 7429 6557 1344 4118
4 9525 341 596 8153 6360 1324 9643 1777 7145 2701 5348 4061 3919 731 5098 9207 8610 2787 8629 2378 6298 4822 2904 9810 1926 5591 5647 7837 9003 3914 7297 3559 5287 7256 636 8769 4737 4151 9248 3080 4591 9891 3326 4259 5298 2023 2539 8343 8496 3701 5435 1255 5683 4734 4452
3 6057 6668 538 456 6905 3372 5331 8358 9824 7613 939 9499 2715 9626 2996 7130 5451 7260 7533 5948 2506 2316 7759 2499 2672 2323 4259 8634 2480 5590 4831 401 1285 4603 8273 4792 3233 1563 6531 740 6799 8915 2452 4826 5426 2070 8257 6397 972 9404 7720 8562 1937 8631 9685
2 8506 1145 4059 9328 5192 4322 4787 85 7908 5356 5299 1255 7572 3458 5250 3831 4298 3565 9036 4615 7659 4011 9945 9357 9017 6644 8036 9937 9129 8110 5279 6342 916 821 8554 9988 1836 1109 3038 5399 8127 8581 2604 7895 2869 6649 512 2314 4348 8727 5323 1126 2430 102 6369
1 5657 319 2936 1556 921 5715 2989 453 6747 4756 9189 3155 8903 8255 5363 5451 5614 8121 7238 4714 3914 328 2166 1845 8303 8058 5905 2044 6214 9841 3357 2996 3745 2330 3557 4483 5914 175 8134 712 2161 9976 9668 4189 8085 266 9955 8874 3476 8929 8149 772 1467 4341
22 4118 6214 9827 8036 8467 1437 3359 6198 848 2902 2657 9266 9308 3561 2840 3450 6698 9593 1646 3791 1867 1601 9515 3952 1363 6877 9986 3847 6320 1158 6098 4760 8769 5317 3549 2513 3108 4839 696 2587 7256 4371 6917 3524 9934 5839 4441 5325 7952 2453 1505 3057 4882 8657 1745
23 1861 4565 5372 8588 5661 6984 6653 8554 5576 864 3654 610 3763 7105 6543 3100 2584 7918 3087 9563 3284 2397 6977 8064 6616 780 4194 9573 686 1937 3581 5096 2784 341 4128 8244 9094 6904 6327 8121 5657 6484 6409 5257 4204 8363 1126 9840 370 3221 3605 7458 5543 1497
24 3954 8343 6923 1538 8283 4968 658 5864 6083 275 1330 1254 7740 586 5538 8361 6557 2751 6936 9411 8550 8864 5375 7784 7779 5161 7067 9750 4696 9785 846 9321 1785 4925 894 2004 480 9931 406 7863 8337 4494 6209 5318 978 2840 493 4055 9452 2824 6670 9363 8975
25 7238 8888 1394 175 7435 3901 5785 4443 316 3802 6253 3716 1365 8898 9874 2197 7562 9570 1123 2097 2801 2710 4353 2658 8167 8237 1985 6325 8448 30 496 9230 8677 6514 9955 404 3494 5100 7913 6677 3297 9952 5962 1182 2321 2445 4504 6397 548 3773 6150 993 8149 2227
47 4843 6187 8385 6984 972 4467 3831 1289 2115 5106 4970 6639 945 2312 8328 776 4540 5 3080 2925 524 2701 9570 7720 2669 6403 6091 6747 7140 8459 8073 1576 686 5303 171 5790 1775 5806 4172 8743 2647 1919 5553 5363 7747 8949 3357 1951 5156 7970 2665 3690 4919 3958 3008
46 1472 2004 6227 9459 7899 9994 6997 1252 1515 7429 2625 1225 435 3513 1092 3160 3835 8233 8629 555 3557 8110 658 4037 7271 175 9404 8227 6339 6512 5607 4166 5729 2242 3669 1597 7566 8023 3222 3101 2688 3615 3494 4769 7370 3855 2182 852 138 8868 2489 8846 740 2994
45 9174 5306 1455 4219 8385 1495 4711 1985 4587 6182 2435 8763 716 7576 456 8647 1673 8026 6227 6818 3166 7916 5741 7896 3155 4677 2412 1473 5533 3716 5913 1919 3179 7304 4038 3184 2917 6203 5864 1126 9630 9838 5703 9164 8058 112 7713 5366 5715 7088 7793 2044 78 464 2519
44 2877 4149 253 9899 4271 576 655 3372 435 8106 6580 5533 1963 3079 6742 1225 7748 3933 8036 1352 4708 2755 6270 7018 894 5879 1918 2989 5839 9717 2825 3266 8584 403 344 8850 6329 8724 8650 3802 6670 2384 7562 3444 7607 6898 6917 6367 2081 9930 2982 5423 7826
43 2091 2287 1673 3693 1610 3914 9248 1005 3329 784 5570 2989 6031 308 9435 4697 9450 8509 7226 4723 6404 5889 2220 8082 9807 1353 9729 3798 1347 7140 1965 3622 7141 1451 6158 7423 9923 9188 3605 322 8949 5134 4314 7436 6518 5219 9017 7801 3787 9716 8856 4925 1977 185 9973
42 8888 7304 4851 3851 6025 5568 9270 2433 8414 380 411 4518 5206 8396 739 9248 8132 6904 6090 8474 355 6324 1900 8722 111 6557 8204 864 9030 3587 4922 3866 9993 9942 1822 8602 4161 8616 6088 2558 5317 1839 5071 2495 9227 6605 9643 6837 3425 1324 7635 4677 4881 4517
41 1146 2198 7979 9105 833 9792 5377 5664 9094 6801 2836 1865 3904 7868 4766 2714 2094 702 505 3334 1363 1389 1433 221 3100 6658 3515 7723 9265 1041 8858 3068 5785 3432 4988 3086 9226 3968 4928 3851 154 9465 937 731 171 3647 9432 1581 4655 6325 8286 8032 8984 4609 5496 6078
40 7775 4061 1634 6314 6670 5086 7066 4922 9308 1775 5399 7767 8337 6029 5810 9721 1900 2451 9727 3695 1176 3996 4561 4551 844 2023 4968 3539 3968 182 3359 2531 3558 1588 541 4677 3629 9734 7654 6677 1024 1736 1296 2342 9729 8456 8537 2153 4832 6882 1845 99 1451 1505
39 7341 2389 2918 2153 880 108 6934 7801 7790 9251 5331 8584 4392 4121 826 3930 5618 6409 6438 5835 406 1269 9453 7259 9450 7016 5537 105 7636 8639 4074 1380 3958 560 3494 1079 4103 9061 8871 5902 6377 3850 2184 3700 9891 4919 6928 9859 5040 7740 5018 3227 8724 5444 6092
38 1027 4214 8127 5098 9885 5836 6597 2333 9986 8874 820 5773 2147 8652 7133 5070 4032 9716 3996 6490 297 3444 9792 7723 772 4901 3222 1900 8303 4189 2019 8036 3915 1867 4078 9352 5880 429 4536 2472 7057 330 7423 3561 3329 7562 4655 4587 8398 5264 675 8983 1298 5895 5289
98 2996 8407 3224 2151 7273 6327 9721 7913 1139 6547 5098 2389 8487 7373 245 3961 7036 8610 262 6199 2877 5471 4863 9378 9211 4362 2865 2025 6106 2115 8629 6997 202 5541 1285 6742 8098 2834 2625 453 1505 1655 6644 6089 9876 4839 249 7843 8004 4192 5856 7249 9515 9419 1772 8862
37 7871 8052 3130 1584 3930 5 1694 5802 2069 5463 4241 7790 8758 9009 2094 404 4871 7894 5701 6959 3669 945 6398 1850 256 9486 8647 8200 4655 4329 4861 7590 6031 2353 3267 5741 3996 8906 9612 3681 9265 5363 4152 5206 1539 2510 7735 3323 8894 4584 9126 7754 7564 4606 8782
35 4553 2139 3640 5503 2631 7456 5222 6070 6 3798 4970 4756 8539 8871 7831 1186 8066 9317 3688 9563 404 3136 9836 7132 1355 4729 979 3448 1389 9909 7888 102 1903 6095 3385 5167 700 6801 319 4351 2495 3326 7566 1711 3615 4181 9017 2062 1550 9243 6966 1340 5878 9459 3221
34 2673 3080 4118 2539 4181 715 9572 4166 3435 8631 385 8496 4942 7047 6234 789 5638 8422 1432 6484 9643 6774 2952 3318 3160 7687 3381 2399 4052 6077 1227 8722 5657 6705 4325 9232 6142 2025 5568 394 5363 1647 2449 2513 8811 6801 8328 2836 8823 7297 7704 4503 1021 1252 3837 5923
33 6898 2831 3321 9135 8506 1347 8238 6835 3179 7472 4871 1348 1505 595 4905 586 885 8620 3544 5231 7779 5994 4241 1388 7723 1236 6705 2275 2942 2374 4400 3166 2458 7750 3997 7899 9006 7704 2584 5272 1473 3432 5280 5716 8487 8576 5143 1274 7590 2021 8466 1704 7774 3821 3509
32 2457 3749 1528 6142 3690 3973 8664 8073 9190 4288 7751 4863 105 2198 8535 7970 6580 4319 4118 9404 3847 3318 9717 8026 9173 7000 7315 1126 6271 4193 524 5172 2701 1547 4563 8722 9010 7340 27 7564 5784 1 3802 4995 5538 2752 7476 2094 6789 2029 597 9226 9101 4723 9746
31 1104 6409 3933 5228 8850 55 9832 2584 2333 8777 6202 6923 8988 5306 2365 7417 6196 3481 7706 852 4149 7607 2782 303 2397 3318 541 9986 5772 3902 8273 8478 2758 419 5363 4945 3381 1173 1748 2558 9068 3954 1988 1608 8279 1732 5362 2726 7974 7485 6979 7930 8912
30 5459 3430 7038 2805 3286 9270 4487 1346 2113 9618 1095 8504 247 3119 4258 1280 6977 2341 4271 4536 9254 4701 5070 5018 6923 8720 7790 3855 2782 8447 769 2631 3697 1587 6238 192 419 6606 6180 5657 3266 6069 7268 6889 6083 6266 4077 1829 4708 3394 3821 3297 8238 1367 8464 2457 2246
29 6170 3996 844 8018 887 3853 6925 2074 2845 1094 6083 4594 1025 2824 1918 7313 1718 3385 9071 2262 8786 4816 5323 1227 1974 3968 4584 9548 344 1143 2466 715 586 3915 9899 7590 1472 820 9056 1352 3455 7895 1376 4373 7782 3545 32 7706 9624 1182 6869 664 5582 709 8727 4324 234
28 5864 4063 5773 3194 4587 2458 9717 1840 1832 1079 8675 1903 8456 7039 9570 6074 3847 2313 8303 6014 7639 9178 9163 5240 1401 716 9617 3615 2040 2330 9279 6079 8204 6091 9606 8728 307 9810 962 2823 7259 7800 7784 6061 2428 3158 3681 696 8201 5963 1367 2151 2839 4756
27 8394 9525 9056 2345 9626 8639 6462 4641 9155 1025 6770 3166 4945 245 9177 9097 5919 5257 5198 8021 9270 3459 3936 9716 5463 5264 4739 7638 8335 2220 4789 1850 9577 888 3627 7459 9952 1139 2341 2453 8358 8520 6561 9511 4761 2726 2147 702 6049 5375 7705 8255 235 78 776 5687 7800 6828
26 787 7313 3716 4055 7386 5741 6561 7057 2805 8812 8106 9992 5818 271 8228 3494 6210 6882 3787 4386 7460 7150 1259 401 7053 1862 9474 6877 8058 5550 6630 7481 9687 8224 7005 4078 8766 6452 2622 4719 7687 7312 4678 2472 7203 880 1380 6604 9952 5491 8438 7130 9163 7268 8339 1772
36 8051 403 2665 6702 5091 1212 9430 1865 3669 6719 9834 621 1988 1850 1207 5011 5331 7578 5747 6102 261 2780 2019 3730 4767 4521 5824 7854 3458 7869 5952 803 730 1900 6770 496 224 6580 5122 1397 6656 936 5790 4118 5143 7224 7878 6609 8200 2117 3280 6388 5823 6658 4023 4812
99 2823 4143 411 2384 2732 7191 2918 7429 5156 459 7055 3265 7031 5338 58 9524 2220 9466 835 4750 6886 2059 6257 5735 1640 4995 2158 3257 151 6227 1274 1423 772 1316 7297 407 7233 6044 6801 779 6668 7387 6635 1628 9173 1367 4061 9381 7045 8098 3459 6187 9427 1903 5190
