100
0 9 76 93 129 194 197 220 242 315 322 774 882 1208 2482 2498 3511 3814 5246 5412 6614 7688
1 0 1 2 3 4 5 6 7 10 12 13 15 17 22 25 26 34 40 43 50 59 64 75 76 85 940 1290
2 1 3 5 9 10 11 12 13 17 23 24 26 32 36 39 40 47 48 49 54 76 97 111 200 293 320 1495
3 14 21 60 71 106 141 144 188 217 248 337 433 447 470 502 514 533 799 851 1071 1888 2942 9711
4 28 76 160 200 514 562 580 689 818 1377 1465 1515 1582 1643 1899 2052 2098 2195 3975 6205 6629 7122 8428
5 3 7 15 21 22 23 25 31 34 38 47 51 76 81 93 97 99 105 109 124 254 452 1310 1740 2498 3923
6 7 11 21 35 41 44 46 55 76 81 133 151 202 283 314 378 465 491 586 826 1213 2818 2951 6055 6980
7 0 2 3 5 8 13 15 20 21 24 36 39 48 49 51 59 66 91 124 130 133 205 215 819 2387 7624
8 8 11 18 24 29 33 41 42 48 52 54 67 71 160 169 220 234 252 278 369 430 470 950 2308 9085
9 0 1 2 3 5 10 11 12 13 15 20 23 24 25 26 31 32 33 43 46 49 52 64 75 109 176 859 6729
10 0 1 3 10 11 13 14 15 17 18 22 25 26 31 32 34 36 39 43 59 81 127 153 176 1424 1737 2848 5926
11 5 19 20 33 34 43 45 46 48 52 64 90 93 101 108 116 194 201 226 430 491 492 1092 3975
12 0 1 2 3 4 5 6 9 10 12 13 16 17 18 20 26 32 39 40 43 47 49 59 116 188 468 3110
13 31 44 52 109 113 124 174 226 320 380 533 571 1261 1637 1677 2737 3989 4477 5120 5604
14 4 7 10 11 12 15 17 25 29 32 34 35 37 40 47 67 71 94 101 130 143 168 169 355 452 1694
15 0 1 2 3 4 5 6 8 9 10 11 12 15 17 18 20 25 27 29 33 34 39 43 59 64 66 138 205 1263
16 61 68 98 118 186 195 276 380 435 456 846 916 1315 1576 1709 2156 2247 3660 4362 5417 9295 9471
17 4 14 20 29 41 46 60 64 66 67 85 94 138 186 435 493 580 759 1185 1710 3488 5027 9798
18 2 4 6 7 8 9 15 28 29 31 33 40 42 46 48 50 51 59 66 77 108 109 128 179 213 384 546
19 19 21 22 23 48 49 64 67 69 100 105 109 128 188 203 269 529 724 904 980 1427 1642 2911 4120
20 2 3 5 6 7 8 11 12 13 15 17 22 23 25 26 29 35 36 39 48 49 50 59 64 66 75 99 111 155
21 0 1 2 3 4 5 6 9 10 12 15 17 18 20 26 33 40 47 50 64 77 85 101 127 202 1384 2264 2848
22 0 1 2 3 4 5 6 7 10 11 12 13 16 18 26 29 31 33 40 46 47 68 76 89 116 138 1310
23 3 11 14 17 19 32 39 46 49 53 55 67 99 105 127 129 176 218 276 470 479 2568 3324 6408
24 1 2 4 6 10 11 12 13 17 18 20 23 26 31 32 36 39 42 47 50 67 91 124 128 222 2264 2591
25 7 13 14 16 21 22 25 26 29 32 36 49 69 82 91 93 176 227 241 425 433 463 514 588 602 2199 6642
26 1 2 14 16 21 23 39 47 49 50 69 71 81 87 105 108 111 124 128 153 222 237 418 502 1290 1954 5526
27 0 3 6 7 8 10 11 16 17 18 20 23 24 25 29 34 43 47 52 59 124 155 165 586 1037 1588 1954
28 9 14 21 30 36 38 39 44 60 64 67 81 83 91 105 133 178 213 217 234 258 294 478 588 1865 1999 5921 6604
29 24 35 55 57 69 106 127 174 278 287 306 437 551 559 666 752 780 1228 1461 1866 2955 4211 4685 6661
30 112 126 209 241 247 338 347 418 610 621 649 1033 1062 1071 1552 2406 2522 3167 5792 6044 6696 8871
31 0 1 2 3 4 5 6 7 10 11 12 13 15 16 17 18 24 29 32 34 36 39 47 59 105 176 241
32 0 1 2 3 6 8 10 11 12 13 16 17 18 23 24 25 31 32 33 34 39 43 47 49 155 281
33 0 1 3 7 8 9 10 12 13 14 16 24 31 33 34 39 43 46 47 49 51 76 87 141 1211 2848 5150
34 1 3 8 14 43 45 46 53 66 68 77 89 91 93 100 138 226 254 337 366 369 936 1007 1290
35 55 59 71 186 190 295 297 350 419 471 529 953 1165 1504 1752 1842 1909 2581 3236 3560 4613
36 9 20 30 40 42 43 80 100 101 118 174 296 336 337 457 556 712 1698 1886 2591 2710 5502 9277 9798
37 0 2 8 10 13 14 16 17 18 19 24 25 26 31 32 33 34 42 46 54 64 75 76 94 120 412 1233 3849
38 56 66 75 77 125 153 225 293 364 551 562 581 906 945 1461 1759 2078 2095 5165 6990 9607
39 0 1 2 3 4 5 6 7 10 12 16 17 18 22 24 25 26 32 33 34 46 49 50 75 99 138 184 1671
40 9 28 30 36 53 60 68 86 116 156 248 328 405 463 527 582 1184 1310 1489 1514 1846 2415 4642 5119 7639
41 0 2 4 5 6 7 10 11 12 13 16 17 18 24 25 26 29 31 33 34 39 40 50 52 59 64 2153
42 0 1 2 3 4 5 6 10 11 12 13 17 18 19 20 26 29 31 32 33 34 93 94 99 121 138 293 3097
43 30 40 76 95 137 149 213 380 470 633 1208 1434 1435 2211 2333 2611 4016 4341 4680 5479 6820 8421
44 22 28 30 40 42 45 49 50 51 59 79 105 136 194 197 237 250 311 945 1545 2312 2568 3972 7979
45 2 4 5 6 7 8 9 10 11 13 15 16 17 22 23 25 26 29 33 39 43 47 51 59 71 99 108 120 315 708
46 0 1 2 3 4 5 6 9 10 12 13 14 18 20 22 23 24 25 47 51 53 69 81 99 130 142 493 1057 1263
47 0 3 5 7 10 13 17 18 22 23 24 31 34 35 36 40 48 71 85 93 95 101 130 180 283 521
48 5 6 7 11 13 14 16 19 20 22 25 34 39 48 68 71 75 76 79 94 108 109 124 127 134 138 184 483 3684
49 0 2 3 11 13 16 20 22 23 26 29 39 42 49 51 52 53 69 89 94 97 108 111 128 137 155 483 708 1671 3499
50 11 20 48 49 50 52 53 60 70 87 155 188 251 322 514 1237 1574 1710 2096 2469 2513 3244 3343 9061 9556
51 0 1 2 3 4 5 6 7 8 10 11 12 13 16 17 18 22 24 26 33 34 35 45 53 64 109 116 143 2818 9365
52 14 36 37 60 100 113 124 133 418 447 603 676 883 987 1588 1886 2625 2720 3761 4869 5144 5524 6919
53 1 3 12 15 20 21 23 24 25 26 46 48 51 54 55 67 91 99 100 105 136 180 246 251 360 2060
54 8 9 14 20 29 40 42 53 55 66 76 77 89 99 100 109 124 133 136 144 150 153 174 225 252 1426
55 0 1 2 3 4 5 6 9 10 11 12 13 16 17 18 24 25 26 30 34 40 43 49 51 116 2456
56 0 2 6 7 8 9 14 16 19 22 24 25 29 33 34 35 40 45 46 50 60 75 100 104 105 108 122 179 292 485 3756
57 1 5 6 7 16 25 26 38 41 43 53 68 75 77 83 89 94 100 116 136 205 689 797 936 1107
58 7 12 16 20 26 36 39 41 47 59 63 71 75 124 127 128 133 186 202 514 916 1363 1827 2153
59 8 9 22 27 56 80 111 125 136 142 167 174 323 579 605 977 1066 1071 1264 2479 3226 3962 5173 6036 7805 9137
60 19 28 43 54 75 83 130 156 194 237 317 322 347 412 676 685 753 912 1213 1954 2014 3484 3559 4247
61 14 20 51 89 121 138 202 225 295 456 677 1165 1511 1713 1815 1837 2458 3784 5971 7214 8586 9566
62 2 3 5 10 11 12 13 14 16 17 22 24 26 31 33 40 49 53 56 75 76 100 101 120 128 174 498 7624
63 0 1 2 3 4 5 6 8 10 11 12 13 16 22 24 26 29 31 33 36 55 59 69 71 77 99 109
64 4 8 15 18 33 60 76 81 89 90 99 142 163 185 188 226 264 276 351 565 576 904 987 8004
65 15 21 22 32 53 87 88 93 94 106 108 165 169 173 177 181 217 392 430 433 468 630 752 2235
66 0 1 2 3 4 5 8 9 10 11 12 18 22 23 24 25 33 43 51 59 169 181 242 394 724 3477
67 0 3 5 7 10 13 14 16 18 26 29 31 32 36 40 42 50 71 77 87 89 113 129 144 186 215 1263
68 0 1 11 12 17 18 20 25 26 31 34 42 50 59 66 75 76 81 113 124 155 194 223 254
69 47 85 113 127 141 153 171 200 209 234 283 317 335 433 588 977 1197 1499 3249 4428 4824
70 42 48 50 73 89 90 91 174 180 202 203 248 293 317 344 485 582 758 2456 4240 5492 5688
71 0 2 5 7 13 15 17 19 20 22 26 29 30 33 36 48 49 55 60 68 77 93 105 113 200 202 452 6656
72 8 41 45 70 79 113 114 124 174 202 220 248 266 347 404 477 724 798 1216 1755 1996 2135 2473 4404
73 9 53 57 66 81 113 127 227 317 468 553 579 693 916 1614 1866 1953 3528 3973 4151 6504 9547
74 4 9 14 15 17 21 36 39 48 51 53 66 67 85 93 109 124 165 169 170 200 242 314 708 1917 2014
75 0 1 4 5 6 7 8 10 12 16 17 18 24 25 32 34 42 43 68 87 94 109 124 259 5855 5990
76 0 1 2 3 4 5 6 8 10 12 13 16 20 22 24 26 33 34 39 46 50 66 104 527 556 3992
77 58 90 197 208 222 237 276 302 317 405 528 554 806 1130 1366 1373 1992 2398 4138 4716 6357 7231
78 32 38 56 87 89 105 127 143 153 225 239 248 252 397 509 633 799 889 950 1075 1502 2051 2165
79 33 38 81 156 209 220 241 559 679 682 816 1021 2051 2096 2551 3354 3548 4752 6165 6662 7231
80 0 1 2 3 4 5 6 7 8 10 11 13 14 17 18 24 25 29 31 32 33 34 36 50 77 111 126 239 859
81 4 8 19 20 27 68 75 93 94 95 99 127 128 138 200 259 311 381 1053 3488 4386 5170 5731
82 1 2 6 7 9 16 28 29 32 36 42 46 49 67 94 101 113 126 136 165 186 718 968 1424 1844 5144
83 0 1 2 6 9 11 12 16 21 25 32 34 39 42 43 46 49 50 59 67 69 75 89 127 138 257 1495
84 2 4 5 6 7 8 9 12 15 16 20 22 27 29 38 40 41 43 46 47 51 52 53 75 76 86 94 99 127 143 1737
85 9 14 18 19 27 35 40 53 56 66 68 101 106 113 130 163 174 217 232 242 297 430 939 1071 1687 4102
86 0 1 2 3 4 5 6 7 10 11 13 16 18 23 25 26 34 47 50 53 66 71 87 93 98 381 1583
87 15 20 22 42 52 91 104 109 116 124 128 134 138 150 169 177 180 186 251 437 549 772 3593 6779
88 2 28 42 45 51 54 67 68 85 99 100 106 113 144 173 209 239 250 278 452 714 796 1071
89 8 12 14 15 35 51 59 68 75 76 77 79 89 100 169 252 337 447 553 912 1318 2987 8843 9041
90 1 4 5 6 7 8 10 11 12 15 16 17 18 21 23 24 25 31 32 33 34 43 47 116 127 138 141 287
91 14 20 30 35 38 41 52 64 66 67 70 78 85 111 122 124 248 306 338 407 1474 1982 2665 3208 3244 7135
92 21 25 31 38 40 41 46 50 67 73 97 98 100 108 130 143 165 169 170 304 399 709 768 1991 3097 8444
93 27 68 122 161 213 276 328 363 412 470 669 676 1515 1951 2224 2355 2408 2924 3808 4654 7243 9556
94 22 37 45 52 55 77 99 128 174 189 209 294 295 470 581 618 900 1663 1991 2286 2720 2850 3244 5306
95 22 26 36 41 45 50 53 54 65 67 68 79 84 106 116 143 186 262 284 405 796 1367 1375 2102 4300
96 7 28 38 55 67 69 71 75 104 105 153 163 174 362 543 605 724 753 786 1203 1247 1563 5625 6171 7055
97 0 1 2 3 4 5 6 9 10 12 13 18 26 29 31 33 34 39 40 43 46 59 100 168 2780
98 0 1 2 3 4 5 6 10 11 12 16 17 18 20 24 25 26 29 31 39 40 41 43 51 52 69 75 1263 3097
99 0 1 7 8 9 12 14 15 16 18 20 24 26 29 32 33 51 67 75 91 94 100 101 127 239 482 579
